TN:
SF:./src/client/app/admin/admin.module.js
FN:1,(anonymous_1)
FNF:1
FNH:1
FNDA:1,(anonymous_1)
DA:1,1
DA:4,1
LF:2
LH:2
BRF:0
BRH:0
end_of_record
TN:
SF:./src/client/app/app.module.js
FN:1,(anonymous_1)
FNF:1
FNH:1
FNDA:1,(anonymous_1)
DA:1,1
DA:4,1
LF:2
LH:2
BRF:0
BRH:0
end_of_record
TN:
SF:./src/client/app/blocks/exception/exception.module.js
FN:1,(anonymous_1)
FNF:1
FNH:1
FNDA:1,(anonymous_1)
DA:1,1
DA:4,1
LF:2
LH:2
BRF:0
BRH:0
end_of_record
TN:
SF:./src/client/app/blocks/logger/logger.module.js
FN:1,(anonymous_1)
FNF:1
FNH:1
FNDA:1,(anonymous_1)
DA:1,1
DA:4,1
LF:2
LH:2
BRF:0
BRH:0
end_of_record
TN:
SF:./src/client/app/blocks/router/router.module.js
FN:1,(anonymous_1)
FNF:1
FNH:1
FNDA:1,(anonymous_1)
DA:1,1
DA:4,1
LF:2
LH:2
BRF:0
BRH:0
end_of_record
TN:
SF:./src/client/app/core/core.module.js
FN:1,(anonymous_1)
FNF:1
FNH:1
FNDA:1,(anonymous_1)
DA:1,1
DA:4,1
LF:2
LH:2
BRF:0
BRH:0
end_of_record
TN:
SF:./src/client/app/core/services/profile/profile.module.js
FN:1,(anonymous_1)
FNF:1
FNH:1
FNDA:1,(anonymous_1)
DA:1,1
DA:4,1
LF:2
LH:2
BRF:0
BRH:0
end_of_record
TN:
SF:./src/client/app/core/services/session/session.module.js
FN:1,(anonymous_1)
FNF:1
FNH:1
FNDA:1,(anonymous_1)
DA:1,1
DA:4,1
LF:2
LH:2
BRF:0
BRH:0
end_of_record
TN:
SF:./src/client/app/layout/layout.module.js
FN:1,(anonymous_1)
FNF:1
FNH:1
FNDA:1,(anonymous_1)
DA:1,1
DA:4,1
LF:2
LH:2
BRF:0
BRH:0
end_of_record
TN:
SF:./src/client/app/modules/registration/registration.module.js
FN:1,(anonymous_1)
FNF:1
FNH:1
FNDA:1,(anonymous_1)
DA:1,1
DA:4,1
LF:2
LH:2
BRF:0
BRH:0
end_of_record
TN:
SF:./src/client/app/modules/signin/signin.module.js
FN:1,(anonymous_1)
FNF:1
FNH:1
FNDA:1,(anonymous_1)
DA:1,1
DA:4,1
LF:2
LH:2
BRF:0
BRH:0
end_of_record
TN:
SF:./src/client/app/widgets/widgets.module.js
FN:1,(anonymous_1)
FNF:1
FNH:1
FNDA:1,(anonymous_1)
DA:1,1
DA:4,1
LF:2
LH:2
BRF:0
BRH:0
end_of_record
TN:
SF:./src/client/app/admin/admin.controller.js
FN:1,(anonymous_1)
FN:10,AdminController
FN:16,activate
FNF:3
FNH:3
FNDA:1,(anonymous_1)
FNDA:3,AdminController
FNDA:3,activate
DA:1,1
DA:4,1
DA:8,1
DA:10,1
DA:11,3
DA:12,3
DA:14,3
DA:16,1
DA:17,3
LF:9
LH:9
BRF:0
BRH:0
end_of_record
TN:
SF:./src/client/app/admin/admin.route.js
FN:1,(anonymous_1)
FN:10,appRun
FN:14,getStates
FNF:3
FNH:3
FNDA:1,(anonymous_1)
FNDA:6,appRun
FNDA:6,getStates
DA:1,1
DA:4,1
DA:8,1
DA:10,1
DA:11,6
DA:14,1
DA:15,6
LF:7
LH:7
BRF:0
BRH:0
end_of_record
TN:
SF:./src/client/app/blocks/exception/exception-handler.provider.js
FN:3,(anonymous_1)
FN:14,exceptionHandlerProvider
FN:20,(anonymous_3)
FN:24,(anonymous_4)
FN:37,config
FN:50,extendExceptionHandler
FN:51,(anonymous_7)
FNF:7
FNH:7
FNDA:1,(anonymous_1)
FNDA:20,exceptionHandlerProvider
FNDA:17,(anonymous_3)
FNDA:22,(anonymous_4)
FNDA:20,config
FNDA:20,extendExceptionHandler
FNDA:1,(anonymous_7)
DA:3,1
DA:6,1
DA:14,1
DA:16,20
DA:20,20
DA:21,17
DA:24,20
DA:25,22
DA:29,1
DA:37,1
DA:38,20
DA:41,1
DA:50,1
DA:51,20
DA:52,1
DA:53,1
DA:54,1
DA:55,1
DA:65,0
LF:19
LH:18
BRDA:52,1,0,1
BRDA:52,1,1,0
BRF:2
BRH:1
end_of_record
TN:
SF:./src/client/app/blocks/exception/exception.js
FN:1,(anonymous_1)
FN:9,exception
FN:15,catcher
FN:16,(anonymous_4)
FNF:4
FNH:2
FNDA:1,(anonymous_1)
FNDA:3,exception
FNDA:0,catcher
FNDA:0,(anonymous_4)
DA:1,1
DA:4,1
DA:9,1
DA:10,3
DA:13,3
DA:15,1
DA:16,0
DA:17,0
DA:18,0
DA:19,0
DA:20,0
DA:21,0
DA:23,0
DA:24,0
DA:25,0
LF:15
LH:6
BRDA:19,1,0,0
BRDA:19,1,1,0
BRDA:19,2,0,0
BRDA:19,2,1,0
BRF:4
BRH:0
end_of_record
TN:
SF:./src/client/app/blocks/logger/logger.js
FN:1,(anonymous_1)
FN:11,logger
FN:27,error
FN:32,info
FN:37,success
FN:42,warning
FNF:6
FNH:4
FNDA:1,(anonymous_1)
FNDA:20,logger
FNDA:0,error
FNDA:3,info
FNDA:3,success
FNDA:0,warning
DA:1,1
DA:4,1
DA:8,1
DA:11,1
DA:12,20
DA:24,20
DA:27,1
DA:28,0
DA:29,0
DA:32,1
DA:33,3
DA:34,3
DA:37,1
DA:38,3
DA:39,3
DA:42,1
DA:43,0
DA:44,0
LF:18
LH:14
BRF:0
BRH:0
end_of_record
TN:
SF:./src/client/app/blocks/router/router-helper.provider.js
FN:2,(anonymous_1)
FN:11,routerHelperProvider
FN:24,(anonymous_3)
FN:31,RouterHelper
FN:51,configureStates
FN:52,(anonymous_6)
FN:63,handleRoutingErrors
FN:68,(anonymous_8)
FN:86,init
FN:91,getStates
FN:93,updateDocTitle
FN:95,(anonymous_12)
FNF:12
FNH:10
FNDA:1,(anonymous_1)
FNDA:12,routerHelperProvider
FNDA:12,(anonymous_3)
FNDA:12,RouterHelper
FNDA:18,configureStates
FNDA:18,(anonymous_6)
FNDA:12,handleRoutingErrors
FNDA:0,(anonymous_8)
FNDA:12,init
FNDA:0,getStates
FNDA:12,updateDocTitle
FNDA:3,(anonymous_12)
DA:2,1
DA:5,1
DA:9,1
DA:11,1
DA:13,12
DA:18,12
DA:19,0
DA:22,12
DA:24,12
DA:25,12
DA:28,12
DA:29,12
DA:31,1
DA:32,12
DA:33,12
DA:34,12
DA:39,12
DA:45,12
DA:47,12
DA:51,1
DA:52,18
DA:53,18
DA:55,18
DA:57,18
DA:58,12
DA:59,12
DA:63,1
DA:67,12
DA:69,0
DA:70,0
DA:72,0
DA:73,0
DA:74,0
DA:77,0
DA:80,0
DA:81,0
DA:86,1
DA:87,12
DA:88,12
DA:91,1
DA:93,1
DA:94,12
DA:96,3
DA:97,3
DA:98,3
DA:99,3
LF:46
LH:37
BRDA:18,1,0,0
BRDA:18,1,1,12
BRDA:18,2,0,12
BRDA:18,2,1,12
BRDA:54,3,0,18
BRDA:54,3,1,18
BRDA:57,4,0,12
BRDA:57,4,1,6
BRDA:57,5,0,18
BRDA:57,5,1,12
BRDA:69,6,0,0
BRDA:69,6,1,0
BRDA:74,7,0,0
BRDA:74,7,1,0
BRDA:74,7,2,0
BRDA:74,7,3,0
BRDA:74,7,4,0
BRDA:78,8,0,0
BRDA:78,8,1,0
BRDA:78,9,0,0
BRDA:78,9,1,0
BRDA:79,10,0,0
BRDA:79,10,1,0
BRDA:98,11,0,3
BRDA:98,11,1,0
BRF:25
BRH:10
end_of_record
TN:
SF:./src/client/app/core/config.js
FN:1,(anonymous_1)
FN:10,toastrConfig
FN:26,configure
FNF:3
FNH:3
FNDA:1,(anonymous_1)
FNDA:12,toastrConfig
FNDA:12,configure
DA:1,1
DA:4,1
DA:6,1
DA:8,1
DA:10,1
DA:11,12
DA:12,12
DA:15,1
DA:20,1
DA:22,1
DA:24,1
DA:26,1
DA:27,12
DA:28,12
DA:30,12
DA:31,12
LF:16
LH:16
BRDA:27,1,0,12
BRDA:27,1,1,0
BRF:2
BRH:1
end_of_record
TN:
SF:./src/client/app/core/constants.js
FN:2,(anonymous_1)
FNF:1
FNH:1
FNDA:1,(anonymous_1)
DA:2,1
DA:5,1
LF:2
LH:2
BRF:0
BRH:0
end_of_record
TN:
SF:./src/client/app/core/core.route.js
FN:1,(anonymous_1)
FN:9,appRun
FN:14,getStates
FNF:3
FNH:3
FNDA:1,(anonymous_1)
FNDA:12,appRun
FNDA:12,getStates
DA:1,1
DA:4,1
DA:9,1
DA:10,12
DA:11,12
DA:14,1
DA:15,12
LF:7
LH:7
BRF:0
BRH:0
end_of_record
TN:
SF:./src/client/app/core/dataservice.js
FN:1,(anonymous_1)
FN:10,dataservice
FN:18,getMessageCount
FN:20,getPeople
FN:25,success
FN:29,fail
FNF:6
FNH:2
FNDA:1,(anonymous_1)
FNDA:3,dataservice
FNDA:0,getMessageCount
FNDA:0,getPeople
FNDA:0,success
FNDA:0,fail
DA:1,1
DA:4,1
DA:8,1
DA:10,1
DA:11,3
DA:16,3
DA:18,1
DA:20,1
DA:21,0
DA:25,1
DA:26,0
DA:29,1
DA:30,0
LF:13
LH:10
BRF:0
BRH:0
end_of_record
TN:
SF:./src/client/app/core/services/profile/profile.service.js
FN:1,(anonymous_1)
FN:9,profile
FN:18,create
FN:21,(anonymous_4)
FN:23,(anonymous_5)
FNF:5
FNH:1
FNDA:1,(anonymous_1)
FNDA:0,profile
FNDA:0,create
FNDA:0,(anonymous_4)
FNDA:0,(anonymous_5)
DA:1,1
DA:4,1
DA:9,1
DA:10,0
DA:12,0
DA:18,1
DA:19,0
DA:21,0
DA:22,0
DA:24,0
DA:27,0
LF:11
LH:4
BRF:0
BRH:0
end_of_record
TN:
SF:./src/client/app/core/services/session/session.service.js
FN:1,(anonymous_1)
FN:9,session
FN:18,login
FN:25,(anonymous_4)
FN:27,(anonymous_5)
FNF:5
FNH:1
FNDA:1,(anonymous_1)
FNDA:0,session
FNDA:0,login
FNDA:0,(anonymous_4)
FNDA:0,(anonymous_5)
DA:1,1
DA:4,1
DA:9,1
DA:10,0
DA:12,0
DA:18,1
DA:19,0
DA:21,0
DA:26,0
DA:28,0
DA:31,0
LF:11
LH:4
BRF:0
BRH:0
end_of_record
TN:
SF:./src/client/app/layout/ad-header.directive.js
FN:1,(anonymous_1)
FN:9,adHeader
FN:24,TopNavController
FNF:3
FNH:1
FNDA:1,(anonymous_1)
FNDA:0,adHeader
FNDA:0,TopNavController
DA:1,1
DA:4,1
DA:9,1
DA:10,0
DA:21,0
DA:24,1
DA:25,0
DA:26,0
DA:29,0
LF:9
LH:4
BRF:0
BRH:0
end_of_record
TN:
SF:./src/client/app/layout/shell.controller.js
FN:1,(anonymous_1)
FN:10,ShellController
FN:21,activate
FN:26,hideSplash
FN:28,(anonymous_5)
FNF:5
FNH:5
FNDA:1,(anonymous_1)
FNDA:3,ShellController
FNDA:3,activate
FNDA:3,hideSplash
FNDA:1,(anonymous_5)
DA:1,1
DA:4,1
DA:8,1
DA:10,1
DA:11,3
DA:12,3
DA:13,3
DA:14,3
DA:15,3
DA:19,3
DA:21,1
DA:22,3
DA:23,3
DA:26,1
DA:28,3
DA:29,1
LF:16
LH:16
BRF:0
BRH:0
end_of_record
TN:
SF:./src/client/app/modules/registration/registration.controller.js
FN:1,(anonymous_1)
FN:10,RegistrationController
FN:19,activate
FN:23,signup
FN:28,registrationSuccess
FN:32,registrationFailure
FNF:6
FNH:1
FNDA:1,(anonymous_1)
FNDA:0,RegistrationController
FNDA:0,activate
FNDA:0,signup
FNDA:0,registrationSuccess
FNDA:0,registrationFailure
DA:1,1
DA:4,1
DA:8,1
DA:10,1
DA:11,0
DA:12,0
DA:13,0
DA:15,0
DA:19,1
DA:20,0
DA:23,1
DA:24,0
DA:28,1
DA:29,0
DA:32,1
DA:33,0
LF:16
LH:8
BRF:0
BRH:0
end_of_record
TN:
SF:./src/client/app/modules/registration/registration.route.js
FN:1,(anonymous_1)
FN:10,appRun
FN:14,getStates
FNF:3
FNH:1
FNDA:1,(anonymous_1)
FNDA:0,appRun
FNDA:0,getStates
DA:1,1
DA:4,1
DA:8,1
DA:10,1
DA:11,0
DA:14,1
DA:15,0
LF:7
LH:5
BRF:0
BRH:0
end_of_record
TN:
SF:./src/client/app/modules/signin/signin.controller.js
FN:1,(anonymous_1)
FN:10,SigninController
FN:19,activate
FN:23,login
FN:31,loginSuccess
FN:35,loginFailure
FNF:6
FNH:1
FNDA:1,(anonymous_1)
FNDA:0,SigninController
FNDA:0,activate
FNDA:0,login
FNDA:0,loginSuccess
FNDA:0,loginFailure
DA:1,1
DA:4,1
DA:8,1
DA:10,1
DA:11,0
DA:12,0
DA:13,0
DA:15,0
DA:19,1
DA:20,0
DA:23,1
DA:24,0
DA:31,1
DA:32,0
DA:35,1
DA:36,0
LF:16
LH:8
BRF:0
BRH:0
end_of_record
TN:
SF:./src/client/app/modules/signin/signin.route.js
FN:1,(anonymous_1)
FN:10,appRun
FN:14,getStates
FNF:3
FNH:1
FNDA:1,(anonymous_1)
FNDA:0,appRun
FNDA:0,getStates
DA:1,1
DA:4,1
DA:8,1
DA:10,1
DA:11,0
DA:14,1
DA:15,0
LF:7
LH:5
BRF:0
BRH:0
end_of_record
